#
# A fatal error has been detected by the Java Runtime Environment:
#
#  Internal Error (javaClasses.cpp:129), pid=7273, tid=139947641440000
#  fatal error: Invalid layout of preloaded class
#
# JRE version: 7.0_25-b30
# Java VM: OpenJDK 64-Bit Server VM (23.7-b01 mixed mode linux-amd64 compressed oops)
# Failed to write core dump. Core dumps have been disabled. To enable core dumping, try "ulimit -c unlimited" before starting Java again
#
# If you would like to submit a bug report, please include
# instructions on how to reproduce the bug and visit:
#   https://bugs.launchpad.net/ubuntu/+source/openjdk-7/
#

---------------  T H R E A D  ---------------

Current thread (0x00007f4810009000):  JavaThread "Unknown thread" [_thread_in_vm, id=7279, stack(0x00007f4819648000,0x00007f4819749000)]

Stack: [0x00007f4819648000,0x00007f4819749000],  sp=0x00007f48197479a0,  free space=1022k
Native frames: (J=compiled Java code, j=interpreted, Vv=VM code, C=native code)
V  [libjvm.so+0x84e92b]  VMError::report_and_die()+0x16b
V  [libjvm.so+0x3ebd57]  report_fatal(char const*, int, char const*)+0x57
V  [libjvm.so+0x528efa]  compute_offset(int&, klassOopDesc*, Symbol*, Symbol*, bool) [clone .constprop.123]+0x11a
V  [libjvm.so+0x529166]  java_lang_String::compute_offsets()+0x36
V  [libjvm.so+0x7dcf8d]  SystemDictionary::initialize_preloaded_classes(Thread*)+0x3d
V  [libjvm.so+0x829288]  Universe::genesis(Thread*)+0x468
V  [libjvm.so+0x82973f]  universe2_init()+0x1f
V  [libjvm.so+0x4dde1a]  init_globals()+0x9a
V  [libjvm.so+0x80d26c]  Threads::create_vm(JavaVMInitArgs*, bool*)+0x39c
V  [libjvm.so+0x545278]  JNI_CreateJavaVM+0x58
C  [libjli.so+0x2b34]  __strcat_chk+0x2b34


---------------  P R O C E S S  ---------------

Java Threads: ( => current thread )

Other Threads:

=>0x00007f4810009000 (exited) JavaThread "Unknown thread" [_thread_in_vm, id=7279, stack(0x00007f4819648000,0x00007f4819749000)]

VM state:not at safepoint (not fully initialized)

VM Mutex/Monitor currently owned by a thread: None

GC Heap History (0 events):
No events

Deoptimization events (0 events):
No events

Internal exceptions (0 events):
No events

Events (10 events):
Event: 0.006 loading class 0x00007f4810032380 done
Event: 0.006 loading class 0x00007f4810031c20 done
Event: 0.006 loading class 0x00007f4810031bf0
Event: 0.006 loading class 0x00007f481005ce20
Event: 0.006 loading class 0x00007f481005ce20 done
Event: 0.006 loading class 0x00007f481005ce60
Event: 0.006 loading class 0x00007f481005ce60 done
Event: 0.006 loading class 0x00007f481005cea0
Event: 0.006 loading class 0x00007f481005cea0 done
Event: 0.007 loading class 0x00007f4810031bf0 done


Dynamic libraries:
00400000-00401000 r-xp 00000000 08:07 6956274                            /usr/lib/jvm/java-7-openjdk-amd64/jre/bin/java
00600000-00601000 r--p 00000000 08:07 6956274                            /usr/lib/jvm/java-7-openjdk-amd64/jre/bin/java
00601000-00602000 rw-p 00001000 08:07 6956274                            /usr/lib/jvm/java-7-openjdk-amd64/jre/bin/java
01a4a000-01a6b000 rw-p 00000000 00:00 0                                  [heap]
77aa00000-77bec0000 rw-p 00000000 00:00 0 
77bec0000-785000000 rw-p 00000000 00:00 0 
785000000-78a200000 rw-p 00000000 00:00 0 
78a200000-7d7000000 rw-p 00000000 00:00 0 
7d7000000-7d9900000 rw-p 00000000 00:00 0 
7d9900000-800000000 rw-p 00000000 00:00 0 
7f47e3d50000-7f47e8000000 rw-p 00000000 00:00 0 
7f47e8000000-7f47e8021000 rw-p 00000000 00:00 0 
7f47e8021000-7f47ec000000 ---p 00000000 00:00 0 
7f47ec000000-7f47ec021000 rw-p 00000000 00:00 0 
7f47ec021000-7f47f0000000 ---p 00000000 00:00 0 
7f47f0000000-7f47f0021000 rw-p 00000000 00:00 0 
7f47f0021000-7f47f4000000 ---p 00000000 00:00 0 
7f47f4000000-7f47f4021000 rw-p 00000000 00:00 0 
7f47f4021000-7f47f8000000 ---p 00000000 00:00 0 
7f47f8000000-7f47f8021000 rw-p 00000000 00:00 0 
7f47f8021000-7f47fc000000 ---p 00000000 00:00 0 
7f4800000000-7f4800021000 rw-p 00000000 00:00 0 
7f4800021000-7f4804000000 ---p 00000000 00:00 0 
7f4804000000-7f4804021000 rw-p 00000000 00:00 0 
7f4804021000-7f4808000000 ---p 00000000 00:00 0 
7f4808000000-7f4808021000 rw-p 00000000 00:00 0 
7f4808021000-7f480c000000 ---p 00000000 00:00 0 
7f480d000000-7f480d270000 rwxp 00000000 00:00 0 
7f480d270000-7f4810067000 rw-p 00000000 00:00 0 
7f4810067000-7f4814000000 ---p 00000000 00:00 0 
7f48140e0000-7f4814322000 rw-p 00000000 00:00 0 
7f4814322000-7f48143e8000 r--s 0116f000 08:07 4719336                    /home/kang/android/sdk/platforms/android-17/android.jar
7f48143e8000-7f48154bc000 rw-p 00000000 00:00 0 
7f48154bc000-7f48154bd000 ---p 00000000 00:00 0 
7f48154bd000-7f48155bd000 rw-p 00000000 00:00 0                          [stack:7287]
7f48155bd000-7f48155be000 ---p 00000000 00:00 0 
7f48155be000-7f48156be000 rw-p 00000000 00:00 0                          [stack:7286]
7f48156be000-7f48156bf000 ---p 00000000 00:00 0 
7f48156bf000-7f48157bf000 rw-p 00000000 00:00 0                          [stack:7285]
7f48157bf000-7f48157c0000 ---p 00000000 00:00 0 
7f48157c0000-7f48158c0000 rw-p 00000000 00:00 0                          [stack:7284]
7f48158c0000-7f48158c1000 ---p 00000000 00:00 0 
7f48158c1000-7f48159c1000 rw-p 00000000 00:00 0                          [stack:7283]
7f48159c1000-7f48159c2000 ---p 00000000 00:00 0 
7f48159c2000-7f4815ac2000 rw-p 00000000 00:00 0                          [stack:7282]
7f4815ac2000-7f4815ac3000 ---p 00000000 00:00 0 
7f4815ac3000-7f4815bc3000 rw-p 00000000 00:00 0                          [stack:7281]
7f4815bc3000-7f4815bc4000 ---p 00000000 00:00 0 
7f4815bc4000-7f4815ccf000 rw-p 00000000 00:00 0                          [stack:7280]
7f4815ccf000-7f4815d17000 rw-p 00000000 00:00 0 
7f4815d17000-7f4815d40000 rw-p 00000000 00:00 0 
7f4815d40000-7f4815fa7000 rw-p 00000000 00:00 0 
7f4815fa7000-7f4815fb2000 rw-p 00000000 00:00 0 
7f4815fb2000-7f4815ffa000 rw-p 00000000 00:00 0 
7f4815ffa000-7f4816023000 rw-p 00000000 00:00 0 
7f4816023000-7f481628a000 rw-p 00000000 00:00 0 
7f481628a000-7f481629f000 rw-p 00000000 00:00 0 
7f481629f000-7f48163d2000 rw-p 00000000 00:00 0 
7f48163d2000-7f48163d3000 rw-p 00000000 00:00 0 
7f48163d3000-7f48163db000 r-xp 00000000 08:07 6956272                    /usr/lib/jvm/java-7-openjdk-amd64/jre/lib/amd64/libzip.so
7f48163db000-7f48165da000 ---p 00008000 08:07 6956272                    /usr/lib/jvm/java-7-openjdk-amd64/jre/lib/amd64/libzip.so
7f48165da000-7f48165db000 r--p 00007000 08:07 6956272                    /usr/lib/jvm/java-7-openjdk-amd64/jre/lib/amd64/libzip.so
7f48165db000-7f48165dc000 rw-p 00008000 08:07 6956272                    /usr/lib/jvm/java-7-openjdk-amd64/jre/lib/amd64/libzip.so
7f48165dc000-7f48165e8000 r-xp 00000000 08:07 1314515                    /lib/x86_64-linux-gnu/libnss_files-2.17.so
7f48165e8000-7f48167e7000 ---p 0000c000 08:07 1314515                    /lib/x86_64-linux-gnu/libnss_files-2.17.so
7f48167e7000-7f48167e8000 r--p 0000b000 08:07 1314515                    /lib/x86_64-linux-gnu/libnss_files-2.17.so
7f48167e8000-7f48167e9000 rw-p 0000c000 08:07 1314515                    /lib/x86_64-linux-gnu/libnss_files-2.17.so
7f48167e9000-7f48167f4000 r-xp 00000000 08:07 1314526                    /lib/x86_64-linux-gnu/libnss_nis-2.17.so
7f48167f4000-7f48169f3000 ---p 0000b000 08:07 1314526                    /lib/x86_64-linux-gnu/libnss_nis-2.17.so
7f48169f3000-7f48169f4000 r--p 0000a000 08:07 1314526                    /lib/x86_64-linux-gnu/libnss_nis-2.17.so
7f48169f4000-7f48169f5000 rw-p 0000b000 08:07 1314526                    /lib/x86_64-linux-gnu/libnss_nis-2.17.so
7f48169f5000-7f4816a0c000 r-xp 00000000 08:07 1314508                    /lib/x86_64-linux-gnu/libnsl-2.17.so
7f4816a0c000-7f4816c0b000 ---p 00017000 08:07 1314508                    /lib/x86_64-linux-gnu/libnsl-2.17.so
7f4816c0b000-7f4816c0c000 r--p 00016000 08:07 1314508                    /lib/x86_64-linux-gnu/libnsl-2.17.so
7f4816c0c000-7f4816c0d000 rw-p 00017000 08:07 1314508                    /lib/x86_64-linux-gnu/libnsl-2.17.so
7f4816c0d000-7f4816c0f000 rw-p 00000000 00:00 0 
7f4816c0f000-7f4816c17000 r-xp 00000000 08:07 1314528                    /lib/x86_64-linux-gnu/libnss_compat-2.17.so
7f4816c17000-7f4816e16000 ---p 00008000 08:07 1314528                    /lib/x86_64-linux-gnu/libnss_compat-2.17.so
7f4816e16000-7f4816e17000 r--p 00007000 08:07 1314528                    /lib/x86_64-linux-gnu/libnss_compat-2.17.so
7f4816e17000-7f4816e18000 rw-p 00008000 08:07 1314528                    /lib/x86_64-linux-gnu/libnss_compat-2.17.so
7f4816e18000-7f4816e43000 r-xp 00000000 08:07 6956256                    /usr/lib/jvm/java-7-openjdk-amd64/jre/lib/amd64/libjava.so
7f4816e43000-7f4817042000 ---p 0002b000 08:07 6956256                    /usr/lib/jvm/java-7-openjdk-amd64/jre/lib/amd64/libjava.so
7f4817042000-7f4817043000 r--p 0002a000 08:07 6956256                    /usr/lib/jvm/java-7-openjdk-amd64/jre/lib/amd64/libjava.so
7f4817043000-7f4817045000 rw-p 0002b000 08:07 6956256                    /usr/lib/jvm/java-7-openjdk-amd64/jre/lib/amd64/libjava.so
7f4817045000-7f4817054000 r-xp 00000000 08:07 6956255                    /usr/lib/jvm/java-7-openjdk-amd64/jre/lib/amd64/libverify.so
7f4817054000-7f4817253000 ---p 0000f000 08:07 6956255                    /usr/lib/jvm/java-7-openjdk-amd64/jre/lib/amd64/libverify.so
7f4817253000-7f4817255000 r--p 0000e000 08:07 6956255                    /usr/lib/jvm/java-7-openjdk-amd64/jre/lib/amd64/libverify.so
7f4817255000-7f4817256000 rw-p 00010000 08:07 6956255                    /usr/lib/jvm/java-7-openjdk-amd64/jre/lib/amd64/libverify.so
7f4817256000-7f481725d000 r-xp 00000000 08:07 1314520                    /lib/x86_64-linux-gnu/librt-2.17.so
7f481725d000-7f481745c000 ---p 00007000 08:07 1314520                    /lib/x86_64-linux-gnu/librt-2.17.so
7f481745c000-7f481745d000 r--p 00006000 08:07 1314520                    /lib/x86_64-linux-gnu/librt-2.17.so
7f481745d000-7f481745e000 rw-p 00007000 08:07 1314520                    /lib/x86_64-linux-gnu/librt-2.17.so
7f481745e000-7f4817472000 r-xp 00000000 08:07 1310823                    /lib/x86_64-linux-gnu/libgcc_s.so.1
7f4817472000-7f4817672000 ---p 00014000 08:07 1310823                    /lib/x86_64-linux-gnu/libgcc_s.so.1
7f4817672000-7f4817673000 r--p 00014000 08:07 1310823                    /lib/x86_64-linux-gnu/libgcc_s.so.1
7f4817673000-7f4817674000 rw-p 00015000 08:07 1310823                    /lib/x86_64-linux-gnu/libgcc_s.so.1
7f4817674000-7f4817777000 r-xp 00000000 08:07 1314527                    /lib/x86_64-linux-gnu/libm-2.17.so
7f4817777000-7f4817977000 ---p 00103000 08:07 1314527                    /lib/x86_64-linux-gnu/libm-2.17.so
7f4817977000-7f4817978000 r--p 00103000 08:07 1314527                    /lib/x86_64-linux-gnu/libm-2.17.so
7f4817978000-7f4817979000 rw-p 00104000 08:07 1314527                    /lib/x86_64-linux-gnu/libm-2.17.so
7f4817979000-7f4817a5e000 r-xp 00000000 08:07 6688679                    /usr/lib/x86_64-linux-gnu/libstdc++.so.6.0.17
7f4817a5e000-7f4817c5d000 ---p 000e5000 08:07 6688679                    /usr/lib/x86_64-linux-gnu/libstdc++.so.6.0.17
7f4817c5d000-7f4817c65000 r--p 000e4000 08:07 6688679                    /usr/lib/x86_64-linux-gnu/libstdc++.so.6.0.17
7f4817c65000-7f4817c67000 rw-p 000ec000 08:07 6688679                    /usr/lib/x86_64-linux-gnu/libstdc++.so.6.0.17
7f4817c67000-7f4817c7c000 rw-p 00000000 00:00 0 
7f4817c7c000-7f481866c000 r-xp 00000000 08:07 6956261                    /usr/lib/jvm/java-7-openjdk-amd64/jre/lib/amd64/server/libjvm.so
7f481866c000-7f481886b000 ---p 009f0000 08:07 6956261                    /usr/lib/jvm/java-7-openjdk-amd64/jre/lib/amd64/server/libjvm.so
7f481886b000-7f48188ea000 r--p 009ef000 08:07 6956261                    /usr/lib/jvm/java-7-openjdk-amd64/jre/lib/amd64/server/libjvm.so
7f48188ea000-7f481890d000 rw-p 00a6e000 08:07 6956261                    /usr/lib/jvm/java-7-openjdk-amd64/jre/lib/amd64/server/libjvm.so
7f481890d000-7f4818938000 rw-p 00000000 00:00 0 
7f4818938000-7f481894e000 r-xp 00000000 08:07 1310732                    /lib/x86_64-linux-gnu/libz.so.1.2.7
7f481894e000-7f4818b4d000 ---p 00016000 08:07 1310732                    /lib/x86_64-linux-gnu/libz.so.1.2.7
7f4818b4d000-7f4818b4e000 r--p 00015000 08:07 1310732                    /lib/x86_64-linux-gnu/libz.so.1.2.7
7f4818b4e000-7f4818b4f000 rw-p 00016000 08:07 1310732                    /lib/x86_64-linux-gnu/libz.so.1.2.7
7f4818b4f000-7f4818b67000 r-xp 00000000 08:07 1314510                    /lib/x86_64-linux-gnu/libpthread-2.17.so
7f4818b67000-7f4818d66000 ---p 00018000 08:07 1314510                    /lib/x86_64-linux-gnu/libpthread-2.17.so
7f4818d66000-7f4818d67000 r--p 00017000 08:07 1314510                    /lib/x86_64-linux-gnu/libpthread-2.17.so
7f4818d67000-7f4818d68000 rw-p 00018000 08:07 1314510                    /lib/x86_64-linux-gnu/libpthread-2.17.so
7f4818d68000-7f4818d6c000 rw-p 00000000 00:00 0 
7f4818d6c000-7f4818d6f000 r-xp 00000000 08:07 1314514                    /lib/x86_64-linux-gnu/libdl-2.17.so
7f4818d6f000-7f4818f6e000 ---p 00003000 08:07 1314514                    /lib/x86_64-linux-gnu/libdl-2.17.so
7f4818f6e000-7f4818f6f000 r--p 00002000 08:07 1314514                    /lib/x86_64-linux-gnu/libdl-2.17.so
7f4818f6f000-7f4818f70000 rw-p 00003000 08:07 1314514                    /lib/x86_64-linux-gnu/libdl-2.17.so
7f4818f70000-7f481912f000 r-xp 00000000 08:07 1314530                    /lib/x86_64-linux-gnu/libc-2.17.so
7f481912f000-7f481932e000 ---p 001bf000 08:07 1314530                    /lib/x86_64-linux-gnu/libc-2.17.so
7f481932e000-7f4819332000 r--p 001be000 08:07 1314530                    /lib/x86_64-linux-gnu/libc-2.17.so
7f4819332000-7f4819334000 rw-p 001c2000 08:07 1314530                    /lib/x86_64-linux-gnu/libc-2.17.so
7f4819334000-7f4819339000 rw-p 00000000 00:00 0 
7f4819339000-7f4819346000 r-xp 00000000 08:07 6956238                    /usr/lib/jvm/java-7-openjdk-amd64/jre/lib/amd64/jli/libjli.so
7f4819346000-7f4819545000 ---p 0000d000 08:07 6956238                    /usr/lib/jvm/java-7-openjdk-amd64/jre/lib/amd64/jli/libjli.so
7f4819545000-7f4819546000 r--p 0000c000 08:07 6956238                    /usr/lib/jvm/java-7-openjdk-amd64/jre/lib/amd64/jli/libjli.so
7f4819546000-7f4819547000 rw-p 0000d000 08:07 6956238                    /usr/lib/jvm/java-7-openjdk-amd64/jre/lib/amd64/jli/libjli.so
7f4819547000-7f481956a000 r-xp 00000000 08:07 1314496                    /lib/x86_64-linux-gnu/ld-2.17.so
7f4819588000-7f4819592000 rw-p 00000000 00:00 0 
7f4819592000-7f4819648000 rw-p 00000000 00:00 0 
7f4819648000-7f481964b000 ---p 00000000 00:00 0 
7f481964b000-7f481974e000 rw-p 00000000 00:00 0                          [stack:7279]
7f481975b000-7f481975d000 rw-p 00000000 00:00 0 
7f481975d000-7f4819765000 rw-s 00000000 08:07 6425538                    /tmp/hsperfdata_kang/7273
7f4819765000-7f4819766000 rw-p 00000000 00:00 0 
7f4819766000-7f4819767000 r--p 00000000 00:00 0 
7f4819767000-7f4819769000 rw-p 00000000 00:00 0 
7f4819769000-7f481976a000 r--p 00022000 08:07 1314496                    /lib/x86_64-linux-gnu/ld-2.17.so
7f481976a000-7f481976c000 rw-p 00023000 08:07 1314496                    /lib/x86_64-linux-gnu/ld-2.17.so
7fff43c6d000-7fff43c8e000 rw-p 00000000 00:00 0                          [stack]
7fff43d4d000-7fff43d4f000 r-xp 00000000 00:00 0                          [vdso]
ffffffffff600000-ffffffffff601000 r-xp 00000000 00:00 0                  [vsyscall]

VM Arguments:
jvm_args: -Dfile.encoding=UTF-8 -Xbootclasspath:/home/kang/android/sdk/platforms/android-17/android.jar 
java_command: com.niit.surface.ConnectServer
Launcher Type: SUN_STANDARD

Environment Variables:
PATH=/usr/lib/lightdm/lightdm:/usr/local/sbin:/usr/local/bin:/usr/sbin:/usr/bin:/sbin:/bin:/usr/games:/usr/local/games
SHELL=/bin/bash
DISPLAY=:0.0

Signal Handlers:
SIGSEGV: [libjvm.so+0x84f410], sa_mask[0]=0x7ffbfeff, sa_flags=0x10000004
SIGBUS: [libjvm.so+0x84f410], sa_mask[0]=0x7ffbfeff, sa_flags=0x10000004
SIGFPE: [libjvm.so+0x6f19a0], sa_mask[0]=0x7ffbfeff, sa_flags=0x10000004
SIGPIPE: [libjvm.so+0x6f19a0], sa_mask[0]=0x7ffbfeff, sa_flags=0x10000004
SIGXFSZ: [libjvm.so+0x6f19a0], sa_mask[0]=0x7ffbfeff, sa_flags=0x10000004
SIGILL: [libjvm.so+0x6f19a0], sa_mask[0]=0x7ffbfeff, sa_flags=0x10000004
SIGUSR1: SIG_DFL, sa_mask[0]=0x00000000, sa_flags=0x00000000
SIGUSR2: [libjvm.so+0x6f1d70], sa_mask[0]=0x00000004, sa_flags=0x10000004
SIGHUP: SIG_DFL, sa_mask[0]=0x00000000, sa_flags=0x00000000
SIGINT: SIG_DFL, sa_mask[0]=0x00000000, sa_flags=0x00000000
SIGTERM: SIG_DFL, sa_mask[0]=0x00000000, sa_flags=0x00000000
SIGQUIT: SIG_DFL, sa_mask[0]=0x00000000, sa_flags=0x00000000


---------------  S Y S T E M  ---------------

OS:Ubuntu 13.04 (raring)
uname:Linux 3.8.0-31-generic #46-Ubuntu SMP Tue Sep 10 20:03:44 UTC 2013 x86_64
libc:glibc 2.17 NPTL 2.17 
rlimit: STACK 8192k, CORE 0k, NPROC 62574, NOFILE 4096, AS infinity
load average:0.90 0.68 0.48

/proc/meminfo:
MemTotal:        8060720 kB
MemFree:         3641592 kB
Buffers:           66040 kB
Cached:          2134044 kB
SwapCached:        98464 kB
Active:          2392656 kB
Inactive:        1772800 kB
Active(anon):    1833916 kB
Inactive(anon):  1118104 kB
Active(file):     558740 kB
Inactive(file):   654696 kB
Unevictable:          32 kB
Mlocked:              32 kB
SwapTotal:       8270844 kB
SwapFree:        7703884 kB
Dirty:               116 kB
Writeback:             4 kB
AnonPages:       1888056 kB
Mapped:           134940 kB
Shmem:            986432 kB
Slab:             128892 kB
SReclaimable:      88612 kB
SUnreclaim:        40280 kB
KernelStack:        4664 kB
PageTables:        34768 kB
NFS_Unstable:          0 kB
Bounce:                0 kB
WritebackTmp:          0 kB
CommitLimit:    12301204 kB
Committed_AS:    9169256 kB
VmallocTotal:   34359738367 kB
VmallocUsed:      438744 kB
VmallocChunk:   34359280128 kB
HardwareCorrupted:     0 kB
AnonHugePages:         0 kB
HugePages_Total:       0
HugePages_Free:        0
HugePages_Rsvd:        0
HugePages_Surp:        0
Hugepagesize:       2048 kB
DirectMap4k:       88064 kB
DirectMap2M:     8271872 kB


CPU:total 8 (4 cores per cpu, 2 threads per core) family 6 model 58 stepping 9, cmov, cx8, fxsr, mmx, sse, sse2, sse3, ssse3, sse4.1, sse4.2, popcnt, avx, ht, tsc, tscinvbit, tscinv

/proc/cpuinfo:
processor	: 0
vendor_id	: GenuineIntel
cpu family	: 6
model		: 58
model name	: Intel(R) Core(TM) i7-3630QM CPU @ 2.40GHz
stepping	: 9
microcode	: 0x12
cpu MHz		: 1200.000
cache size	: 6144 KB
physical id	: 0
siblings	: 8
core id		: 0
cpu cores	: 4
apicid		: 0
initial apicid	: 0
fpu		: yes
fpu_exception	: yes
cpuid level	: 13
wp		: yes
flags		: fpu vme de pse tsc msr pae mce cx8 apic sep mtrr pge mca cmov pat pse36 clflush dts acpi mmx fxsr sse sse2 ss ht tm pbe syscall nx rdtscp lm constant_tsc arch_perfmon pebs bts rep_good nopl xtopology nonstop_tsc aperfmperf eagerfpu pni pclmulqdq dtes64 monitor ds_cpl vmx est tm2 ssse3 cx16 xtpr pdcm pcid sse4_1 sse4_2 x2apic popcnt tsc_deadline_timer aes xsave avx f16c rdrand lahf_lm ida arat epb xsaveopt pln pts dtherm tpr_shadow vnmi flexpriority ept vpid fsgsbase smep erms
bogomips	: 4789.19
clflush size	: 64
cache_alignment	: 64
address sizes	: 36 bits physical, 48 bits virtual
power management:

processor	: 1
vendor_id	: GenuineIntel
cpu family	: 6
model		: 58
model name	: Intel(R) Core(TM) i7-3630QM CPU @ 2.40GHz
stepping	: 9
microcode	: 0x12
cpu MHz		: 1200.000
cache size	: 6144 KB
physical id	: 0
siblings	: 8
core id		: 1
cpu cores	: 4
apicid		: 2
initial apicid	: 2
fpu		: yes
fpu_exception	: yes
cpuid level	: 13
wp		: yes
flags		: fpu vme de pse tsc msr pae mce cx8 apic sep mtrr pge mca cmov pat pse36 clflush dts acpi mmx fxsr sse sse2 ss ht tm pbe syscall nx rdtscp lm constant_tsc arch_perfmon pebs bts rep_good nopl xtopology nonstop_tsc aperfmperf eagerfpu pni pclmulqdq dtes64 monitor ds_cpl vmx est tm2 ssse3 cx16 xtpr pdcm pcid sse4_1 sse4_2 x2apic popcnt tsc_deadline_timer aes xsave avx f16c rdrand lahf_lm ida arat epb xsaveopt pln pts dtherm tpr_shadow vnmi flexpriority ept vpid fsgsbase smep erms
bogomips	: 4789.19
clflush size	: 64
cache_alignment	: 64
address sizes	: 36 bits physical, 48 bits virtual
power management:

processor	: 2
vendor_id	: GenuineIntel
cpu family	: 6
model		: 58
model name	: Intel(R) Core(TM) i7-3630QM CPU @ 2.40GHz
stepping	: 9
microcode	: 0x12
cpu MHz		: 1200.000
cache size	: 6144 KB
physical id	: 0
siblings	: 8
core id		: 2
cpu cores	: 4
apicid		: 4
initial apicid	: 4
fpu		: yes
fpu_exception	: yes
cpuid level	: 13
wp		: yes
flags		: fpu vme de pse tsc msr pae mce cx8 apic sep mtrr pge mca cmov pat pse36 clflush dts acpi mmx fxsr sse sse2 ss ht tm pbe syscall nx rdtscp lm constant_tsc arch_perfmon pebs bts rep_good nopl xtopology nonstop_tsc aperfmperf eagerfpu pni pclmulqdq dtes64 monitor ds_cpl vmx est tm2 ssse3 cx16 xtpr pdcm pcid sse4_1 sse4_2 x2apic popcnt tsc_deadline_timer aes xsave avx f16c rdrand lahf_lm ida arat epb xsaveopt pln pts dtherm tpr_shadow vnmi flexpriority ept vpid fsgsbase smep erms
bogomips	: 4789.19
clflush size	: 64
cache_alignment	: 64
address sizes	: 36 bits physical, 48 bits virtual
power management:

processor	: 3
vendor_id	: GenuineIntel
cpu family	: 6
model		: 58
model name	: Intel(R) Core(TM) i7-3630QM CPU @ 2.40GHz
stepping	: 9
microcode	: 0x12
cpu MHz		: 2401.000
cache size	: 6144 KB
physical id	: 0
siblings	: 8
core id		: 3
cpu cores	: 4
apicid		: 6
initial apicid	: 6
fpu		: yes
fpu_exception	: yes
cpuid level	: 13
wp		: yes
flags		: fpu vme de pse tsc msr pae mce cx8 apic sep mtrr pge mca cmov pat pse36 clflush dts acpi mmx fxsr sse sse2 ss ht tm pbe syscall nx rdtscp lm constant_tsc arch_perfmon pebs bts rep_good nopl xtopology nonstop_tsc aperfmperf eagerfpu pni pclmulqdq dtes64 monitor ds_cpl vmx est tm2 ssse3 cx16 xtpr pdcm pcid sse4_1 sse4_2 x2apic popcnt tsc_deadline_timer aes xsave avx f16c rdrand lahf_lm ida arat epb xsaveopt pln pts dtherm tpr_shadow vnmi flexpriority ept vpid fsgsbase smep erms
bogomips	: 4789.19
clflush size	: 64
cache_alignment	: 64
address sizes	: 36 bits physical, 48 bits virtual
power management:

processor	: 4
vendor_id	: GenuineIntel
cpu family	: 6
model		: 58
model name	: Intel(R) Core(TM) i7-3630QM CPU @ 2.40GHz
stepping	: 9
microcode	: 0x12
cpu MHz		: 1200.000
cache size	: 6144 KB
physical id	: 0
siblings	: 8
core id		: 0
cpu cores	: 4
apicid		: 1
initial apicid	: 1
fpu		: yes
fpu_exception	: yes
cpuid level	: 13
wp		: yes
flags		: fpu vme de pse tsc msr pae mce cx8 apic sep mtrr pge mca cmov pat pse36 clflush dts acpi mmx fxsr sse sse2 ss ht tm pbe syscall nx rdtscp lm constant_tsc arch_perfmon pebs bts rep_good nopl xtopology nonstop_tsc aperfmperf eagerfpu pni pclmulqdq dtes64 monitor ds_cpl vmx est tm2 ssse3 cx16 xtpr pdcm pcid sse4_1 sse4_2 x2apic popcnt tsc_deadline_timer aes xsave avx f16c rdrand lahf_lm ida arat epb xsaveopt pln pts dtherm tpr_shadow vnmi flexpriority ept vpid fsgsbase smep erms
bogomips	: 4789.19
clflush size	: 64
cache_alignment	: 64
address sizes	: 36 bits physical, 48 bits virtual
power management:

processor	: 5
vendor_id	: GenuineIntel
cpu family	: 6
model		: 58
model name	: Intel(R) Core(TM) i7-3630QM CPU @ 2.40GHz
stepping	: 9
microcode	: 0x12
cpu MHz		: 2401.000
cache size	: 6144 KB
physical id	: 0
siblings	: 8
core id		: 1
cpu cores	: 4
apicid		: 3
initial apicid	: 3
fpu		: yes
fpu_exception	: yes
cpuid level	: 13
wp		: yes
flags		: fpu vme de pse tsc msr pae mce cx8 apic sep mtrr pge mca cmov pat pse36 clflush dts acpi mmx fxsr sse sse2 ss ht tm pbe syscall nx rdtscp lm constant_tsc arch_perfmon pebs bts rep_good nopl xtopology nonstop_tsc aperfmperf eagerfpu pni pclmulqdq dtes64 monitor ds_cpl vmx est tm2 ssse3 cx16 xtpr pdcm pcid sse4_1 sse4_2 x2apic popcnt tsc_deadline_timer aes xsave avx f16c rdrand lahf_lm ida arat epb xsaveopt pln pts dtherm tpr_shadow vnmi flexpriority ept vpid fsgsbase smep erms
bogomips	: 4789.19
clflush size	: 64
cache_alignment	: 64
address sizes	: 36 bits physical, 48 bits virtual
power management:

processor	: 6
vendor_id	: GenuineIntel
cpu family	: 6
model		: 58
model name	: Intel(R) Core(TM) i7-3630QM CPU @ 2.40GHz
stepping	: 9
microcode	: 0x12
cpu MHz		: 1200.000
cache size	: 6144 KB
physical id	: 0
siblings	: 8
core id		: 2
cpu cores	: 4
apicid		: 5
initial apicid	: 5
fpu		: yes
fpu_exception	: yes
cpuid level	: 13
wp		: yes
flags		: fpu vme de pse tsc msr pae mce cx8 apic sep mtrr pge mca cmov pat pse36 clflush dts acpi mmx fxsr sse sse2 ss ht tm pbe syscall nx rdtscp lm constant_tsc arch_perfmon pebs bts rep_good nopl xtopology nonstop_tsc aperfmperf eagerfpu pni pclmulqdq dtes64 monitor ds_cpl vmx est tm2 ssse3 cx16 xtpr pdcm pcid sse4_1 sse4_2 x2apic popcnt tsc_deadline_timer aes xsave avx f16c rdrand lahf_lm ida arat epb xsaveopt pln pts dtherm tpr_shadow vnmi flexpriority ept vpid fsgsbase smep erms
bogomips	: 4789.19
clflush size	: 64
cache_alignment	: 64
address sizes	: 36 bits physical, 48 bits virtual
power management:

processor	: 7
vendor_id	: GenuineIntel
cpu family	: 6
model		: 58
model name	: Intel(R) Core(TM) i7-3630QM CPU @ 2.40GHz
stepping	: 9
microcode	: 0x12
cpu MHz		: 2401.000
cache size	: 6144 KB
physical id	: 0
siblings	: 8
core id		: 3
cpu cores	: 4
apicid		: 7
initial apicid	: 7
fpu		: yes
fpu_exception	: yes
cpuid level	: 13
wp		: yes
flags		: fpu vme de pse tsc msr pae mce cx8 apic sep mtrr pge mca cmov pat pse36 clflush dts acpi mmx fxsr sse sse2 ss ht tm pbe syscall nx rdtscp lm constant_tsc arch_perfmon pebs bts rep_good nopl xtopology nonstop_tsc aperfmperf eagerfpu pni pclmulqdq dtes64 monitor ds_cpl vmx est tm2 ssse3 cx16 xtpr pdcm pcid sse4_1 sse4_2 x2apic popcnt tsc_deadline_timer aes xsave avx f16c rdrand lahf_lm ida arat epb xsaveopt pln pts dtherm tpr_shadow vnmi flexpriority ept vpid fsgsbase smep erms
bogomips	: 4789.19
clflush size	: 64
cache_alignment	: 64
address sizes	: 36 bits physical, 48 bits virtual
power management:



Memory: 4k page, physical 8060720k(3641592k free), swap 8270844k(7703884k free)

vm_info: OpenJDK 64-Bit Server VM (23.7-b01) for linux-amd64 JRE (1.7.0_25-b30), built on Jul  3 2013 13:50:39 by "buildd" with gcc 4.7.3

time: Tue Jan 14 22:02:20 2014
elapsed time: 0 seconds

